UG to STEP
! INFO-     NX STEP AP242 - V2406.6001
! INFO-      
! INFO-     Start of Translation: 24-MAY-2025  12:08:28 AM
! INFO-      
! STATUS-   Converting Part: C:\Users\micha\Desktop\Hydros\2025 hardware\FC_Moudle\Library\LTS_25-NP.prt
! STATUS-    
! STATUS-   Converting to Output Form (Phase 2 of 3): 24-MAY-2025 12:08:28 AM
! STATUS-    
! INFO-     Bspline aprx. value in effect for this translation :0.000025  meters 
! INFO-      
! INFO-           Summary of STEP Entities 
! INFO-      
! INFO-     Entity Type                                                   Count 
! INFO-     -----------                                                   ------ 
! INFO-     advanced_brep_shape_representation .......................:   1 
! INFO-     advanced_face ............................................:   18 
! INFO-     application_context ......................................:   1 
! INFO-     application_protocol_definition ..........................:   1 
! INFO-     axis2_placement_3d .......................................:   62 
! INFO-     camera_model_d3 ..........................................:   8 
! INFO-     cartesian_point ..........................................:   119 
! INFO-     circle ...................................................:   27 
! INFO-     closed_shell .............................................:   1 
! INFO-     colour_rgb ...............................................:   2 
! INFO-     curve_style ..............................................:   9 
! INFO-     cylindrical_surface ......................................:   8 
! INFO-     default_model_geometric_view .............................:   1 
! INFO-     degenerate_toroidal_surface ..............................:   2 
! INFO-     direction ................................................:   147 
! INFO-     draughting_model .........................................:   9 
! INFO-     draughting_pre_defined_curve_font ........................:   9 
! INFO-     edge_curve ...............................................:   41 
! INFO-     edge_loop ................................................:   21 
! INFO-     face_bound ...............................................:   21 
! INFO-     fill_area_style ..........................................:   1 
! INFO-     fill_area_style_colour ...................................:   1 
! INFO-     geometrically_bounded_wireframe_shape_representation .....:   1 
! INFO-     geometric_curve_set ......................................:   2 
! INFO-     geometric_representation_context_and_global_uncertainty_a :   1 
! INFO-     length_unit_and_si_unit ..................................:   1 
! INFO-     line .....................................................:   23 
! INFO-     manifold_solid_brep ......................................:   1 
! INFO-     mapped_item ..............................................:   9 
! INFO-     mechanical_design_and_draughting_relationship ............:   8 
! INFO-     mechanical_design_geometric_presentation_representation ..:   1 
! INFO-     model_geometric_view .....................................:   7 
! INFO-     oriented_edge ............................................:   82 
! INFO-     planar_box ...............................................:   8 
! INFO-     plane ....................................................:   6 
! INFO-     plane_angle_unit_and_si_unit .............................:   1 
! INFO-     presentation_style_assignment ............................:   10 
! INFO-     product ..................................................:   1 
! INFO-     product_category .........................................:   1 
! INFO-     product_context ..........................................:   1 
! INFO-     product_definition .......................................:   1 
! INFO-     product_definition_context ...............................:   1 
! INFO-     product_definition_formation_with_specified_source .......:   1 
! INFO-     product_definition_shape .................................:   1 
! INFO-     product_related_product_category .........................:   1 
! INFO-     representation_map .......................................:   9 
! INFO-     shape_definition_representation ..........................:   1 
! INFO-     shape_representation .....................................:   1 
! INFO-     shape_representation_relationship ........................:   2 
! INFO-     si_unit_and_solid_angle_unit .............................:   1 
! INFO-     styled_item ..............................................:   10 
! INFO-     surface_side_style .......................................:   1 
! INFO-     surface_style_fill_area ..................................:   1 
! INFO-     surface_style_usage ......................................:   1 
! INFO-     toroidal_surface .........................................:   2 
! INFO-     trimmed_curve ............................................:   9 
! INFO-     uncertainty_measure_with_unit ............................:   1 
! INFO-     vector ...................................................:   23 
! INFO-     vertex_point .............................................:   26 
! INFO-     view_volume ..............................................:   8 
! INFO-                                                                  ------- 
! INFO-     Total                                                         775 
! INFO-      
! INFO-     End of Translation: 24-MAY-2025  12:08:33 AM
! INFO-      
